{"uid":"979d0d31e7b577f3","name":"Login - Wrong Password","fullName":"QA - Cashdrive / Business/Onboarding./Login#Login - Wrong Password","historyId":"7028c9b7b58ebc9d699da6ee96497989:4a8026faab7718a003f642454759a499","time":{"start":1746995044729,"stop":1746995044834,"duration":105},"status":"failed","statusMessage":"Status code validation, Status code name has string, Test for valid error message","statusTrace":"Response code: 500, status: Internal Server Error","flaky":false,"newFailed":false,"newBroken":false,"newPassed":false,"retriesCount":0,"retriesStatusChange":false,"beforeStages":[],"testStage":{"status":"failed","statusMessage":"Status code validation, Status code name has string, Test for valid error message","statusTrace":"Response code: 500, status: Internal Server Error","steps":[{"name":"Status code validation","time":{"start":1746995044830,"stop":1746995044830,"duration":0},"status":"failed","statusMessage":"expected response to have status code 400 but got 500","statusTrace":"AssertionError: expected response to have status code 400 but got 500\n   at Object.eval sandbox-script.js:1:20)","steps":[],"attachments":[],"parameters":[],"shouldDisplayMessage":true,"stepsCount":0,"attachmentsCount":0,"hasContent":true,"attachmentStep":false},{"name":"Status code name has string","time":{"start":1746995044831,"stop":1746995044831,"duration":0},"status":"failed","statusMessage":"expected response to have status reason 'Bad Request' but got 'Internal Server Error'","statusTrace":"AssertionError: expected response to have status reason 'Bad Request' but got 'Internal Server Error'\n   at Object.eval sandbox-script.js:2:20)","steps":[],"attachments":[],"parameters":[],"shouldDisplayMessage":true,"stepsCount":0,"attachmentsCount":0,"hasContent":true,"attachmentStep":false},{"name":"Test for valid error message","time":{"start":1746995044832,"stop":1746995044832,"duration":0},"status":"failed","statusMessage":"expected 'An unknown error occured' to deeply equal 'Invalid credentials'","statusTrace":"AssertionError: expected 'An unknown error occured' to deeply equal 'Invalid credentials'\n   at Object.eval sandbox-script.js:3:20)","steps":[],"attachments":[],"parameters":[],"shouldDisplayMessage":true,"stepsCount":0,"attachmentsCount":0,"hasContent":true,"attachmentStep":false}],"attachments":[{"uid":"2bdc969b97e65225","name":"PreRequest","source":"2bdc969b97e65225.txt","type":"text/plain","size":290},{"uid":"8ff71a417ee862d7","name":"Request Headers","source":"8ff71a417ee862d7.json","type":"application/json","size":396},{"uid":"650b91a9d2c93da6","name":"Request Body","source":"650b91a9d2c93da6.txt","type":"text/plain","size":80},{"uid":"8716e8e1e06c7d34","name":"Response Headers","source":"8716e8e1e06c7d34.json","type":"application/json","size":893},{"uid":"be4dd602939dd42e","name":"Response Body","source":"be4dd602939dd42e.txt","type":"text/plain","size":67}],"parameters":[],"shouldDisplayMessage":true,"stepsCount":3,"attachmentsCount":5,"hasContent":true,"attachmentStep":false},"afterStages":[],"labels":[{"name":"language","value":"javascript"},{"name":"framework","value":"newman"},{"name":"host","value":"fv-az1334-321"},{"name":"thread","value":"pid-2350-worker-main"},{"name":"parentSuite","value":"QA - Cashdrive / Business"},{"name":"suite","value":"Onboarding."},{"name":"subSuite","value":"Login"},{"name":"resultFormat","value":"allure2"}],"parameters":[{"name":"Request","value":"POST - https://public.northquestfinance.com/api-backend/auth/login"},{"name":"Response Code","value":"500"}],"links":[],"hidden":false,"retry":false,"extra":{"severity":"normal","retries":[],"categories":[{"name":"Product defects","matchedStatuses":[],"flaky":false}],"history":{"statistic":{"failed":7,"broken":0,"skipped":0,"passed":0,"unknown":0,"total":7},"items":[{"uid":"e0a476c7d99df006","reportUrl":"https://assurdly.github.io/northquest-automation-tests/80//#testresult/e0a476c7d99df006","status":"failed","statusDetails":"Status code validation, Status code name has string, Test for valid error message","time":{"start":1746643513390,"stop":1746643513502,"duration":112}},{"uid":"9b6d6d8e2aeaffbb","reportUrl":"https://assurdly.github.io/northquest-automation-tests/79//#testresult/9b6d6d8e2aeaffbb","status":"failed","statusDetails":"Status code validation, Status code name has string, Test for valid error message","time":{"start":1746390268153,"stop":1746390268211,"duration":58}},{"uid":"f51302d66a351f30","reportUrl":"https://assurdly.github.io/northquest-automation-tests/78//#testresult/f51302d66a351f30","status":"failed","statusDetails":"Status code validation, Status code name has string, Test for valid error message","time":{"start":1746211650239,"stop":1746211650354,"duration":115}},{"uid":"66ac0453a7db784d","reportUrl":"https://assurdly.github.io/northquest-automation-tests/77//#testresult/66ac0453a7db784d","status":"failed","statusDetails":"Status code validation, Status code name has string, Test for valid error message","time":{"start":1746038705555,"stop":1746038705679,"duration":124}},{"uid":"212b832e146f7f7f","reportUrl":"https://assurdly.github.io/northquest-automation-tests/76//#testresult/212b832e146f7f7f","status":"failed","statusDetails":"Status code validation, Status code name has string, Test for valid error message","time":{"start":1745785452913,"stop":1745785452990,"duration":77}},{"uid":"89e30b611b4a0bb","reportUrl":"https://assurdly.github.io/northquest-automation-tests/74//#testresult/89e30b611b4a0bb","status":"failed","statusDetails":"Status code validation, Status code name has string, Test for valid error message","time":{"start":1745544532283,"stop":1745544532469,"duration":186}}]},"tags":[]},"source":"979d0d31e7b577f3.json","parameterValues":["POST - https://public.northquestfinance.com/api-backend/auth/login","500"]}