{"uid":"66ac0453a7db784d","name":"Login - Wrong Password","fullName":"QA - Cashdrive / Business/Onboarding./Login#Login - Wrong Password","historyId":"7028c9b7b58ebc9d699da6ee96497989:4a8026faab7718a003f642454759a499","time":{"start":1746038705555,"stop":1746038705679,"duration":124},"status":"failed","statusMessage":"Status code validation, Status code name has string, Test for valid error message","statusTrace":"Response code: 500, status: Internal Server Error","flaky":false,"newFailed":false,"newBroken":false,"newPassed":false,"retriesCount":0,"retriesStatusChange":false,"beforeStages":[],"testStage":{"status":"failed","statusMessage":"Status code validation, Status code name has string, Test for valid error message","statusTrace":"Response code: 500, status: Internal Server Error","steps":[{"name":"Status code validation","time":{"start":1746038705673,"stop":1746038705673,"duration":0},"status":"failed","statusMessage":"expected response to have status code 400 but got 500","statusTrace":"AssertionError: expected response to have status code 400 but got 500\n   at Object.eval sandbox-script.js:1:20)","steps":[],"attachments":[],"parameters":[],"shouldDisplayMessage":true,"stepsCount":0,"attachmentsCount":0,"hasContent":true,"attachmentStep":false},{"name":"Status code name has string","time":{"start":1746038705674,"stop":1746038705674,"duration":0},"status":"failed","statusMessage":"expected response to have status reason 'Bad Request' but got 'Internal Server Error'","statusTrace":"AssertionError: expected response to have status reason 'Bad Request' but got 'Internal Server Error'\n   at Object.eval sandbox-script.js:2:20)","steps":[],"attachments":[],"parameters":[],"shouldDisplayMessage":true,"stepsCount":0,"attachmentsCount":0,"hasContent":true,"attachmentStep":false},{"name":"Test for valid error message","time":{"start":1746038705675,"stop":1746038705675,"duration":0},"status":"failed","statusMessage":"expected 'An unknown error occured' to deeply equal 'Invalid credentials'","statusTrace":"AssertionError: expected 'An unknown error occured' to deeply equal 'Invalid credentials'\n   at Object.eval sandbox-script.js:3:20)","steps":[],"attachments":[],"parameters":[],"shouldDisplayMessage":true,"stepsCount":0,"attachmentsCount":0,"hasContent":true,"attachmentStep":false}],"attachments":[{"uid":"d3fd29485916da8a","name":"PreRequest","source":"d3fd29485916da8a.txt","type":"text/plain","size":290},{"uid":"7ddb419150a4c8c5","name":"Request Headers","source":"7ddb419150a4c8c5.json","type":"application/json","size":396},{"uid":"f3263f4d4610048a","name":"Request Body","source":"f3263f4d4610048a.txt","type":"text/plain","size":80},{"uid":"da41056af4369928","name":"Response Headers","source":"da41056af4369928.json","type":"application/json","size":1134},{"uid":"f74e80e688504f90","name":"Response Body","source":"f74e80e688504f90.txt","type":"text/plain","size":67}],"parameters":[],"shouldDisplayMessage":true,"stepsCount":3,"attachmentsCount":5,"hasContent":true,"attachmentStep":false},"afterStages":[],"labels":[{"name":"language","value":"javascript"},{"name":"framework","value":"newman"},{"name":"host","value":"fv-az1436-387"},{"name":"thread","value":"pid-2327-worker-main"},{"name":"parentSuite","value":"QA - Cashdrive / Business"},{"name":"suite","value":"Onboarding."},{"name":"subSuite","value":"Login"},{"name":"resultFormat","value":"allure2"}],"parameters":[{"name":"Request","value":"POST - https://public.northquestfinance.com/api-backend/auth/login"},{"name":"Response Code","value":"500"}],"links":[],"hidden":false,"retry":false,"extra":{"severity":"normal","retries":[],"categories":[{"name":"Product defects","matchedStatuses":[],"flaky":false}],"history":{"statistic":{"failed":3,"broken":0,"skipped":0,"passed":0,"unknown":0,"total":3},"items":[{"uid":"212b832e146f7f7f","reportUrl":"https://assurdly.github.io/northquest-automation-tests/76//#testresult/212b832e146f7f7f","status":"failed","statusDetails":"Status code validation, Status code name has string, Test for valid error message","time":{"start":1745785452913,"stop":1745785452990,"duration":77}},{"uid":"89e30b611b4a0bb","reportUrl":"https://assurdly.github.io/northquest-automation-tests/74//#testresult/89e30b611b4a0bb","status":"failed","statusDetails":"Status code validation, Status code name has string, Test for valid error message","time":{"start":1745544532283,"stop":1745544532469,"duration":186}}]},"tags":[]},"source":"66ac0453a7db784d.json","parameterValues":["POST - https://public.northquestfinance.com/api-backend/auth/login","500"]}