{"uid":"55dca86b4b17426a","name":"Login - Wrong Password","fullName":"QA - Cashdrive / Business/Onboarding./Login#Login - Wrong Password","historyId":"7028c9b7b58ebc9d699da6ee96497989:4a8026faab7718a003f642454759a499","time":{"start":1747421289340,"stop":1747421289481,"duration":141},"status":"failed","statusMessage":"Status code validation, Status code name has string, Test for valid error message","statusTrace":"Response code: 500, status: Internal Server Error","flaky":false,"newFailed":false,"newBroken":false,"newPassed":false,"retriesCount":0,"retriesStatusChange":false,"beforeStages":[],"testStage":{"status":"failed","statusMessage":"Status code validation, Status code name has string, Test for valid error message","statusTrace":"Response code: 500, status: Internal Server Error","steps":[{"name":"Status code validation","time":{"start":1747421289476,"stop":1747421289476,"duration":0},"status":"failed","statusMessage":"expected response to have status code 400 but got 500","statusTrace":"AssertionError: expected response to have status code 400 but got 500\n   at Object.eval sandbox-script.js:1:20)","steps":[],"attachments":[],"parameters":[],"shouldDisplayMessage":true,"stepsCount":0,"attachmentsCount":0,"hasContent":true,"attachmentStep":false},{"name":"Status code name has string","time":{"start":1747421289477,"stop":1747421289477,"duration":0},"status":"failed","statusMessage":"expected response to have status reason 'Bad Request' but got 'Internal Server Error'","statusTrace":"AssertionError: expected response to have status reason 'Bad Request' but got 'Internal Server Error'\n   at Object.eval sandbox-script.js:2:20)","steps":[],"attachments":[],"parameters":[],"shouldDisplayMessage":true,"stepsCount":0,"attachmentsCount":0,"hasContent":true,"attachmentStep":false},{"name":"Test for valid error message","time":{"start":1747421289478,"stop":1747421289478,"duration":0},"status":"failed","statusMessage":"expected 'An unknown error occured' to deeply equal 'Invalid credentials'","statusTrace":"AssertionError: expected 'An unknown error occured' to deeply equal 'Invalid credentials'\n   at Object.eval sandbox-script.js:3:20)","steps":[],"attachments":[],"parameters":[],"shouldDisplayMessage":true,"stepsCount":0,"attachmentsCount":0,"hasContent":true,"attachmentStep":false}],"attachments":[{"uid":"3c85d6ec0bcaee59","name":"PreRequest","source":"3c85d6ec0bcaee59.txt","type":"text/plain","size":290},{"uid":"71e3f546ee837aeb","name":"Request Headers","source":"71e3f546ee837aeb.json","type":"application/json","size":396},{"uid":"ba5d94fe3f67a2ca","name":"Request Body","source":"ba5d94fe3f67a2ca.txt","type":"text/plain","size":80},{"uid":"21eb49f0e0a90b74","name":"Response Headers","source":"21eb49f0e0a90b74.json","type":"application/json","size":897},{"uid":"5beee312cd555a4","name":"Response Body","source":"5beee312cd555a4.txt","type":"text/plain","size":67}],"parameters":[],"shouldDisplayMessage":true,"stepsCount":3,"attachmentsCount":5,"hasContent":true,"attachmentStep":false},"afterStages":[],"labels":[{"name":"language","value":"javascript"},{"name":"framework","value":"newman"},{"name":"host","value":"fv-az2233-566"},{"name":"thread","value":"pid-2372-worker-main"},{"name":"parentSuite","value":"QA - Cashdrive / Business"},{"name":"suite","value":"Onboarding."},{"name":"subSuite","value":"Login"},{"name":"resultFormat","value":"allure2"}],"parameters":[{"name":"Request","value":"POST - https://public.northquestfinance.com/api-backend/auth/login"},{"name":"Response Code","value":"500"}],"links":[],"hidden":false,"retry":false,"extra":{"severity":"normal","retries":[],"categories":[{"name":"Product defects","matchedStatuses":[],"flaky":false}],"history":{"statistic":{"failed":9,"broken":0,"skipped":0,"passed":0,"unknown":0,"total":9},"items":[{"uid":"fe02bd239400825c","reportUrl":"https://assurdly.github.io/northquest-automation-tests/83//#testresult/fe02bd239400825c","status":"failed","statusDetails":"Status code validation, Status code name has string, Test for valid error message","time":{"start":1747248297515,"stop":1747248297625,"duration":110}},{"uid":"979d0d31e7b577f3","reportUrl":"https://assurdly.github.io/northquest-automation-tests/82//#testresult/979d0d31e7b577f3","status":"failed","statusDetails":"Status code validation, Status code name has string, Test for valid error message","time":{"start":1746995044729,"stop":1746995044834,"duration":105}},{"uid":"e0a476c7d99df006","reportUrl":"https://assurdly.github.io/northquest-automation-tests/80//#testresult/e0a476c7d99df006","status":"failed","statusDetails":"Status code validation, Status code name has string, Test for valid error message","time":{"start":1746643513390,"stop":1746643513502,"duration":112}},{"uid":"9b6d6d8e2aeaffbb","reportUrl":"https://assurdly.github.io/northquest-automation-tests/79//#testresult/9b6d6d8e2aeaffbb","status":"failed","statusDetails":"Status code validation, Status code name has string, Test for valid error message","time":{"start":1746390268153,"stop":1746390268211,"duration":58}},{"uid":"f51302d66a351f30","reportUrl":"https://assurdly.github.io/northquest-automation-tests/78//#testresult/f51302d66a351f30","status":"failed","statusDetails":"Status code validation, Status code name has string, Test for valid error message","time":{"start":1746211650239,"stop":1746211650354,"duration":115}},{"uid":"66ac0453a7db784d","reportUrl":"https://assurdly.github.io/northquest-automation-tests/77//#testresult/66ac0453a7db784d","status":"failed","statusDetails":"Status code validation, Status code name has string, Test for valid error message","time":{"start":1746038705555,"stop":1746038705679,"duration":124}},{"uid":"212b832e146f7f7f","reportUrl":"https://assurdly.github.io/northquest-automation-tests/76//#testresult/212b832e146f7f7f","status":"failed","statusDetails":"Status code validation, Status code name has string, Test for valid error message","time":{"start":1745785452913,"stop":1745785452990,"duration":77}},{"uid":"89e30b611b4a0bb","reportUrl":"https://assurdly.github.io/northquest-automation-tests/74//#testresult/89e30b611b4a0bb","status":"failed","statusDetails":"Status code validation, Status code name has string, Test for valid error message","time":{"start":1745544532283,"stop":1745544532469,"duration":186}}]},"tags":[]},"source":"55dca86b4b17426a.json","parameterValues":["POST - https://public.northquestfinance.com/api-backend/auth/login","500"]}