{"uid":"d1297385ddd225c6","name":"Login - Wrong Password","fullName":"QA - Cashdrive / Business/Onboarding/Login#Login - Wrong Password","historyId":"2fb45cb1326bea131023208cf5c994be:4a8026faab7718a003f642454759a499","time":{"start":1744210838745,"stop":1744210838838,"duration":93},"status":"failed","statusMessage":"Status code validation, Status code name has string, Test for valid error message","statusTrace":"Response code: 500, status: Internal Server Error","flaky":false,"newFailed":false,"newBroken":false,"newPassed":false,"retriesCount":0,"retriesStatusChange":false,"beforeStages":[],"testStage":{"status":"failed","statusMessage":"Status code validation, Status code name has string, Test for valid error message","statusTrace":"Response code: 500, status: Internal Server Error","steps":[{"name":"Status code validation","time":{"start":1744210838834,"stop":1744210838834,"duration":0},"status":"failed","statusMessage":"expected response to have status code 400 but got 500","statusTrace":"AssertionError: expected response to have status code 400 but got 500\n   at Object.eval sandbox-script.js:1:20)","steps":[],"attachments":[],"parameters":[],"shouldDisplayMessage":true,"stepsCount":0,"attachmentsCount":0,"hasContent":true,"attachmentStep":false},{"name":"Status code name has string","time":{"start":1744210838835,"stop":1744210838835,"duration":0},"status":"failed","statusMessage":"expected response to have status reason 'Bad Request' but got 'Internal Server Error'","statusTrace":"AssertionError: expected response to have status reason 'Bad Request' but got 'Internal Server Error'\n   at Object.eval sandbox-script.js:2:20)","steps":[],"attachments":[],"parameters":[],"shouldDisplayMessage":true,"stepsCount":0,"attachmentsCount":0,"hasContent":true,"attachmentStep":false},{"name":"Test for valid error message","time":{"start":1744210838836,"stop":1744210838836,"duration":0},"status":"failed","statusMessage":"expected 'An unknown error occured' to deeply equal 'Invalid credentials'","statusTrace":"AssertionError: expected 'An unknown error occured' to deeply equal 'Invalid credentials'\n   at Object.eval sandbox-script.js:3:20)","steps":[],"attachments":[],"parameters":[],"shouldDisplayMessage":true,"stepsCount":0,"attachmentsCount":0,"hasContent":true,"attachmentStep":false}],"attachments":[{"uid":"ce9bb4a02c1087c5","name":"PreRequest","source":"ce9bb4a02c1087c5.txt","type":"text/plain","size":290},{"uid":"941c04bcbd2fe61d","name":"Request Headers","source":"941c04bcbd2fe61d.json","type":"application/json","size":396},{"uid":"609b36d643ecdc53","name":"Request Body","source":"609b36d643ecdc53.txt","type":"text/plain","size":80},{"uid":"e61119c04c275ee0","name":"Response Headers","source":"e61119c04c275ee0.json","type":"application/json","size":522},{"uid":"f56fef5d2eadb191","name":"Response Body","source":"f56fef5d2eadb191.txt","type":"text/plain","size":67}],"parameters":[],"shouldDisplayMessage":true,"stepsCount":3,"attachmentsCount":5,"hasContent":true,"attachmentStep":false},"afterStages":[],"labels":[{"name":"language","value":"javascript"},{"name":"framework","value":"newman"},{"name":"host","value":"fv-az1674-229"},{"name":"thread","value":"pid-2322-worker-main"},{"name":"parentSuite","value":"QA - Cashdrive / Business"},{"name":"suite","value":"Onboarding"},{"name":"subSuite","value":"Login"},{"name":"resultFormat","value":"allure2"}],"parameters":[{"name":"Request","value":"POST - https://public.northquestfinance.com/api-backend/auth/login"},{"name":"Response Code","value":"500"}],"links":[],"hidden":false,"retry":false,"extra":{"severity":"normal","retries":[],"categories":[{"name":"Product defects","matchedStatuses":[],"flaky":false}],"history":{"statistic":{"failed":3,"broken":0,"skipped":0,"passed":0,"unknown":0,"total":3},"items":[{"uid":"ded0aae33167e4f5","reportUrl":"https://assurdly.github.io/northquest-automation-tests/64//#testresult/ded0aae33167e4f5","status":"failed","statusDetails":"Status code validation, Status code name has string, Test for valid error message","time":{"start":1743970983274,"stop":1743970983393,"duration":119}},{"uid":"f2b929c67501c0e8","reportUrl":"https://assurdly.github.io/northquest-automation-tests/60//#testresult/f2b929c67501c0e8","status":"failed","statusDetails":"Status code validation, Status code name has string, Test for valid error message","time":{"start":1743574079755,"stop":1743574080868,"duration":1113}}]},"tags":[]},"source":"d1297385ddd225c6.json","parameterValues":["POST - https://public.northquestfinance.com/api-backend/auth/login","500"]}